<?xml version="1.0" encoding="UTF-8"?>
<testsuite xmlns:xsi="http://www.w3.org/2001/XMLSchema-instance" xsi:noNamespaceSchemaLocation="https://maven.apache.org/surefire/maven-surefire-plugin/xsd/surefire-test-report.xsd" version="3.0.2" name="com.jwss.studio.comunicacao_api.ComunicacaoApiApplicationTests" time="12.164" tests="1" errors="0" skipped="0" failures="0" flakes="0">
  <properties>
[...]
</properties>
  <testcase name="contextLoads" classname="com.jwss.studio.comunicacao_api.ComunicacaoApiApplicationTests" time="0.647">
    <system-out><![CDATA[22:10:31.711 [main] INFO org.springframework.test.context.support.AnnotationConfigContextLoaderUtils -- Could not detect default configuration classes for test class [com.jwss.studio.comunicacao_api.ComunicacaoApiApplicationTests]: ComunicacaoApiApplicationTests does not declare any static, non-private, non-final, nested classes annotated with @Configuration.
22:10:31.925 [main] INFO org.springframework.boot.test.context.SpringBootTestContextBootstrapper -- Found @SpringBootConfiguration com.jwss.studio.comunicacao_api.ComunicacaoApiApplication for test class com.jwss.studio.comunicacao_api.ComunicacaoApiApplicationTests
22:10:32.090 [main] INFO org.springframework.test.context.support.AnnotationConfigContextLoaderUtils -- Could not detect default configuration classes for test class [com.jwss.studio.comunicacao_api.ComunicacaoApiApplicationTests]: ComunicacaoApiApplicationTests does not declare any static, non-private, non-final, nested classes annotated with @Configuration.
22:10:32.093 [main] INFO org.springframework.boot.test.context.SpringBootTestContextBootstrapper -- Found @SpringBootConfiguration com.jwss.studio.comunicacao_api.ComunicacaoApiApplication for test class com.jwss.studio.comunicacao_api.ComunicacaoApiApplicationTests
22:10:32.586 [main] INFO org.springframework.boot.devtools.restart.RestartApplicationListener -- Restart disabled due to context in which it is running

  .   ____          _            __ _ _
 /\\ / ___'_ __ _ _(_)_ __  __ _ \ \ \ \
( ( )\___ | '_ | '_| | '_ \/ _` | \ \ \ \
 \\/  ___)| |_)| | | | | || (_| |  ) ) ) )
  '  |____| .__|_| |_|_| |_\__, | / / / /
 =========|_|==============|___/=/_/_/_/

 :: Spring Boot ::                (v4.0.7)

2026-07-16T22:10:33.116-03:00  INFO 109543 --- [           main] c.j.s.c.ComunicacaoApiApplicationTests   : Starting ComunicacaoApiApplicationTests using Java 24.0.2 with PID 109543 (started by jorge in /home/jorge/Javanauta/comunicacao_api)
2026-07-16T22:10:33.121-03:00  INFO 109543 --- [           main] c.j.s.c.ComunicacaoApiApplicationTests   : No active profile set, falling back to 1 default profile: "default"
2026-07-16T22:10:35.267-03:00  INFO 109543 --- [           main] .s.d.r.c.RepositoryConfigurationDelegate : Bootstrapping Spring Data JPA repositories in DEFAULT mode.
2026-07-16T22:10:35.358-03:00  INFO 109543 --- [           main] .s.d.r.c.RepositoryConfigurationDelegate : Finished Spring Data repository scanning in 74 ms. Found 1 JPA repository interface.
2026-07-16T22:10:35.608-03:00  INFO 109543 --- [           main] o.s.cloud.context.scope.GenericScope     : BeanFactory id=701f6d34-6214-31f9-a69d-ad16baf6bce8
2026-07-16T22:10:36.204-03:00  INFO 109543 --- [           main] org.hibernate.orm.jpa                    : HHH008540: Processing PersistenceUnitInfo [name: default]
2026-07-16T22:10:36.279-03:00  INFO 109543 --- [           main] org.hibernate.orm.core                   : HHH000001: Hibernate ORM core version 7.2.19.Final
2026-07-16T22:10:37.039-03:00  INFO 109543 --- [           main] o.s.o.j.p.SpringPersistenceUnitInfo      : No LoadTimeWeaver setup: ignoring JPA class transformer
2026-07-16T22:10:37.090-03:00  INFO 109543 --- [           main] com.zaxxer.hikari.HikariDataSource       : HikariPool-1 - Starting...
2026-07-16T22:10:38.115-03:00  INFO 109543 --- [           main] com.zaxxer.hikari.pool.HikariPool        : HikariPool-1 - Added connection com.mysql.cj.jdbc.ConnectionImpl@fd0e118
2026-07-16T22:10:38.118-03:00  INFO 109543 --- [           main] com.zaxxer.hikari.HikariDataSource       : HikariPool-1 - Start completed.
2026-07-16T22:10:38.328-03:00  WARN 109543 --- [           main] org.hibernate.orm.deprecation            : HHH90000025: MySQLDialect does not need to be specified explicitly using 'hibernate.dialect' (remove the property setting and it will be selected by default)
2026-07-16T22:10:38.395-03:00  INFO 109543 --- [           main] org.hibernate.orm.connections.pooling    : HHH10001005: Database info:
	Database JDBC URL [jdbc:mysql://localhost:3306/comunicacao1?createDatabaseIfNotExist=true]
	Database driver: MySQL Connector/J
	Database dialect: MySQLDialect
	Database version: 8.0.46
	Default catalog/schema: comunicacao1/undefined
	Autocommit mode: undefined/unknown
	Isolation level: REPEATABLE_READ [default REPEATABLE_READ]
	JDBC fetch size: none
	Pool: DataSourceConnectionProvider
	Minimum pool size: undefined/unknown
	Maximum pool size: undefined/unknown
2026-07-16T22:10:39.809-03:00  INFO 109543 --- [           main] org.hibernate.orm.core                   : HHH000489: No JTA platform available (set 'hibernate.transaction.jta.platform' to enable JTA platform integration)
2026-07-16T22:10:40.401-03:00  INFO 109543 --- [           main] j.LocalContainerEntityManagerFactoryBean : Initialized JPA EntityManagerFactory for persistence unit 'default'
2026-07-16T22:10:40.580-03:00  INFO 109543 --- [           main] o.s.d.j.r.query.QueryEnhancerFactories   : Hibernate is in classpath; If applicable, HQL parser will be used.
2026-07-16T22:10:41.175-03:00  WARN 109543 --- [           main] JpaBaseConfiguration$JpaWebConfiguration : spring.jpa.open-in-view is enabled by default. Therefore, database queries may be performed during view rendering. Explicitly configure spring.jpa.open-in-view to disable this warning
2026-07-16T22:10:42.777-03:00  INFO 109543 --- [           main] c.j.s.c.ComunicacaoApiApplicationTests   : Started ComunicacaoApiApplicationTests in 10.219 seconds (process running for 12.95)
2026-07-16T22:10:42.783-03:00  WARN 109543 --- [           main] o.s.core.events.SpringDocAppInitializer  : SpringDoc /v3/api-docs endpoint is enabled by default. To disable it in production, set the property 'springdoc.api-docs.enabled=false'
2026-07-16T22:10:42.784-03:00  WARN 109543 --- [           main] o.s.core.events.SpringDocAppInitializer  : SpringDoc /swagger-ui.html endpoint is enabled by default. To disable it in production, set the property 'springdoc.swagger-ui.enabled=false'
]]></system-out>
    <system-err><![CDATA[Mockito is currently self-attaching to enable the inline-mock-maker. This will no longer work in future releases of the JDK. Please add Mockito as an agent to your build as described in Mockito's documentation: https://javadoc.io/doc/org.mockito/mockito-core/latest/org.mockito/org/mockito/Mockito.html#0.3
WARNING: A Java agent has been loaded dynamically (/home/jorge/.m2/repository/net/bytebuddy/byte-buddy-agent/1.17.8/byte-buddy-agent-1.17.8.jar)
WARNING: If a serviceability tool is in use, please run with -XX:+EnableDynamicAgentLoading to hide this warning
WARNING: If a serviceability tool is not in use, please run with -Djdk.instrument.traceUsage for more information
WARNING: Dynamic loading of agents will be disallowed by default in a future release
]]></system-err>
  </testcase>
</testsuite>